<?xml version="1.0" encoding="utf-8"?><testsuites name="pytest tests"><testsuite name="pytest" errors="0" failures="0" skipped="0" tests="24" time="13.303" timestamp="2026-02-20T13:04:40.284417+00:00" hostname="agent-env-e5b16de3-1fa2-4b9b-acde-f2a5db44da5f"><testcase classname="backend.tests.test_car_garage_api.TestHealth" name="test_health_endpoint" time="0.255" /><testcase classname="backend.tests.test_car_garage_api.TestHealth" name="test_root_endpoint" time="0.108" /><testcase classname="backend.tests.test_car_garage_api.TestAuthentication" name="test_register_new_user" time="0.367" /><testcase classname="backend.tests.test_car_garage_api.TestAuthentication" name="test_register_duplicate_email" time="0.449" /><testcase classname="backend.tests.test_car_garage_api.TestAuthentication" name="test_login_success" time="0.700" /><testcase classname="backend.tests.test_car_garage_api.TestAuthentication" name="test_login_invalid_password" time="0.675" /><testcase classname="backend.tests.test_car_garage_api.TestAuthentication" name="test_login_nonexistent_user" time="0.162" /><testcase classname="backend.tests.test_car_garage_api.TestCarCRUD" name="test_create_car_skoda_superb" time="0.738" /><testcase classname="backend.tests.test_car_garage_api.TestCarCRUD" name="test_create_car_bmw_m3" time="0.611" /><testcase classname="backend.tests.test_car_garage_api.TestCarCRUD" name="test_get_all_cars" time="0.679" /><testcase classname="backend.tests.test_car_garage_api.TestCarCRUD" name="test_update_car" time="0.797" /><testcase classname="backend.tests.test_car_garage_api.TestCarCRUD" name="test_delete_car" time="0.729" /><testcase classname="backend.tests.test_car_garage_api.TestCarCRUD" name="test_delete_car_unauthorized" time="0.672" /><testcase classname="backend.tests.test_car_garage_api.TestCarImages" name="test_get_skoda_image" time="0.115" /><testcase classname="backend.tests.test_car_garage_api.TestCarImages" name="test_get_bmw_image" time="0.127" /><testcase classname="backend.tests.test_car_garage_api.TestCarImages" name="test_different_brands_get_different_images" time="0.323" /><testcase classname="backend.tests.test_car_garage_api.TestServiceRecords" name="test_create_service_record" time="0.852" /><testcase classname="backend.tests.test_car_garage_api.TestServiceRecords" name="test_get_service_records" time="1.464" /><testcase classname="backend.tests.test_car_garage_api.TestServiceRecords" name="test_delete_service_record" time="0.830" /><testcase classname="backend.tests.test_car_garage_api.TestStatistics" name="test_get_overall_stats" time="0.558" /><testcase classname="backend.tests.test_car_garage_api.TestStatistics" name="test_get_car_stats" time="0.894" /><testcase classname="backend.tests.test_car_garage_api.TestCarMakesAndModels" name="test_get_car_makes" time="0.150" /><testcase classname="backend.tests.test_car_garage_api.TestCarMakesAndModels" name="test_get_skoda_models" time="0.559" /><testcase classname="backend.tests.test_car_garage_api.TestCarMakesAndModels" name="test_get_bmw_models" time="0.280" /></testsuite></testsuites>